<?xml version="1.0" encoding="UTF-8"?>
<!-- Generated by org.testng.reporters.JUnitXMLReporter -->
<testsuite hostname="HYDPCM153129L" name="Default test" tests="4" failures="0" timestamp="21 Aug 2019 06:47:31 GMT" time="112.634" errors="0">
  <testcase name="verifyContactsPageLabel" time="0.135" classname="com.mercury.testcases.ContactsPageTest"/>
  <testcase name="validateCreateNewContact" time="3.267" classname="com.mercury.testcases.ContactsPageTest"/>
  <testcase name="validateCreateNewContact" time="2.77" classname="com.mercury.testcases.ContactsPageTest"/>
  <testcase name="validateCreateNewContact" time="3.249" classname="com.mercury.testcases.ContactsPageTest"/>
</testsuite> <!-- Default test -->
