<?xml version="1.0" encoding="UTF-8"?>
<testng-results skipped="0" failed="0" total="4" passed="4">
  <reporter-output>
  </reporter-output>
  <suite name="Default suite" duration-ms="124343" started-at="2019-10-07T16:08:51Z" finished-at="2019-10-07T16:10:55Z">
    <groups>
    </groups>
    <test name="Default test" duration-ms="124343" started-at="2019-10-07T16:08:51Z" finished-at="2019-10-07T16:10:55Z">
      <class name="com.mercury.testcases.ContactsPageTest">
        <test-method status="PASS" signature="setUp()[pri:0, instance:com.mercury.testcases.ContactsPageTest@f2f153b0]" name="setUp" is-config="true" duration-ms="30358" started-at="2019-10-07T21:38:51Z" finished-at="2019-10-07T21:39:21Z">
          <reporter-output>
          </reporter-output>
        </test-method> <!-- setUp -->
        <test-method status="PASS" signature="verifyContactsPageLabel()[pri:0, instance:com.mercury.testcases.ContactsPageTest@f2f153b0]" name="verifyContactsPageLabel" duration-ms="184" started-at="2019-10-07T21:39:21Z" finished-at="2019-10-07T21:39:21Z">
          <reporter-output>
          </reporter-output>
        </test-method> <!-- verifyContactsPageLabel -->
        <test-method status="PASS" signature="tearDown()[pri:0, instance:com.mercury.testcases.ContactsPageTest@f2f153b0]" name="tearDown" is-config="true" duration-ms="992" started-at="2019-10-07T21:39:21Z" finished-at="2019-10-07T21:39:22Z">
          <reporter-output>
          </reporter-output>
        </test-method> <!-- tearDown -->
        <test-method status="PASS" signature="setUp()[pri:0, instance:com.mercury.testcases.ContactsPageTest@f2f153b0]" name="setUp" is-config="true" duration-ms="26191" started-at="2019-10-07T21:39:24Z" finished-at="2019-10-07T21:39:50Z">
          <reporter-output>
          </reporter-output>
        </test-method> <!-- setUp -->
        <test-method status="PASS" signature="validateCreateNewContact(java.lang.String, java.lang.String, java.lang.String, java.lang.String)[pri:0, instance:com.mercury.testcases.ContactsPageTest@f2f153b0]" name="validateCreateNewContact" duration-ms="5692" started-at="2019-10-07T21:39:50Z" data-provider="getContactTestData" finished-at="2019-10-07T21:39:56Z">
          <params>
            <param index="0">
              <value>
                <![CDATA[Munna]]>
              </value>
            </param>
            <param index="1">
              <value>
                <![CDATA[Bhai]]>
              </value>
            </param>
            <param index="2">
              <value>
                <![CDATA[munnaibhai111@gmail.com]]>
              </value>
            </param>
            <param index="3">
              <value>
                <![CDATA[Analyst]]>
              </value>
            </param>
          </params>
          <reporter-output>
          </reporter-output>
        </test-method> <!-- validateCreateNewContact -->
        <test-method status="PASS" signature="tearDown()[pri:0, instance:com.mercury.testcases.ContactsPageTest@f2f153b0]" name="tearDown" is-config="true" duration-ms="1161" started-at="2019-10-07T21:39:56Z" finished-at="2019-10-07T21:39:57Z">
          <reporter-output>
          </reporter-output>
        </test-method> <!-- tearDown -->
        <test-method status="PASS" signature="setUp()[pri:0, instance:com.mercury.testcases.ContactsPageTest@f2f153b0]" name="setUp" is-config="true" duration-ms="27502" started-at="2019-10-07T21:39:57Z" finished-at="2019-10-07T21:40:24Z">
          <reporter-output>
          </reporter-output>
        </test-method> <!-- setUp -->
        <test-method status="PASS" signature="validateCreateNewContact(java.lang.String, java.lang.String, java.lang.String, java.lang.String)[pri:0, instance:com.mercury.testcases.ContactsPageTest@f2f153b0]" name="validateCreateNewContact" duration-ms="3028" started-at="2019-10-07T21:40:24Z" data-provider="getContactTestData" finished-at="2019-10-07T21:40:27Z">
          <params>
            <param index="0">
              <value>
                <![CDATA[Tom]]>
              </value>
            </param>
            <param index="1">
              <value>
                <![CDATA[Cat]]>
              </value>
            </param>
            <param index="2">
              <value>
                <![CDATA[tomcat111@gmail.com]]>
              </value>
            </param>
            <param index="3">
              <value>
                <![CDATA[Manager]]>
              </value>
            </param>
          </params>
          <reporter-output>
          </reporter-output>
        </test-method> <!-- validateCreateNewContact -->
        <test-method status="PASS" signature="tearDown()[pri:0, instance:com.mercury.testcases.ContactsPageTest@f2f153b0]" name="tearDown" is-config="true" duration-ms="800" started-at="2019-10-07T21:40:27Z" finished-at="2019-10-07T21:40:28Z">
          <reporter-output>
          </reporter-output>
        </test-method> <!-- tearDown -->
        <test-method status="PASS" signature="setUp()[pri:0, instance:com.mercury.testcases.ContactsPageTest@f2f153b0]" name="setUp" is-config="true" duration-ms="22386" started-at="2019-10-07T21:40:28Z" finished-at="2019-10-07T21:40:51Z">
          <reporter-output>
          </reporter-output>
        </test-method> <!-- setUp -->
        <test-method status="PASS" signature="validateCreateNewContact(java.lang.String, java.lang.String, java.lang.String, java.lang.String)[pri:0, instance:com.mercury.testcases.ContactsPageTest@f2f153b0]" name="validateCreateNewContact" duration-ms="3697" started-at="2019-10-07T21:40:51Z" data-provider="getContactTestData" finished-at="2019-10-07T21:40:54Z">
          <params>
            <param index="0">
              <value>
                <![CDATA[Baba]]>
              </value>
            </param>
            <param index="1">
              <value>
                <![CDATA[Saigal]]>
              </value>
            </param>
            <param index="2">
              <value>
                <![CDATA[babasaigal111@gmail.com]]>
              </value>
            </param>
            <param index="3">
              <value>
                <![CDATA[Associate]]>
              </value>
            </param>
          </params>
          <reporter-output>
          </reporter-output>
        </test-method> <!-- validateCreateNewContact -->
        <test-method status="PASS" signature="tearDown()[pri:0, instance:com.mercury.testcases.ContactsPageTest@f2f153b0]" name="tearDown" is-config="true" duration-ms="792" started-at="2019-10-07T21:40:54Z" finished-at="2019-10-07T21:40:55Z">
          <reporter-output>
          </reporter-output>
        </test-method> <!-- tearDown -->
      </class> <!-- com.mercury.testcases.ContactsPageTest -->
    </test> <!-- Default test -->
  </suite> <!-- Default suite -->
</testng-results>
